2019-06-24 22:43:14,935 DEBUG [main] - serialVersionUID: 6175546394599249696
2019-06-24 22:43:14,936 DEBUG [main] - debug: true
2019-06-24 22:43:14,936 DEBUG [main] - user: null
2019-06-24 22:43:14,936 DEBUG [main] - password: null
2019-06-24 22:43:14,937 DEBUG [main] - httpConf: MyHttpClientConfiguration{httpProxyHost='null', httpProxyUser='null', httpProxyPassword='null', httpProxyPort=-1, httpConnectionTimeout=20000, httpReadTimeout=120000, prettyDebug=false, gzipEnabled=true}
2019-06-24 22:43:14,937 DEBUG [main] - httpStreamingReadTimeout: 40000
2019-06-24 22:43:14,937 DEBUG [main] - httpRetryCount: 0
2019-06-24 22:43:14,937 DEBUG [main] - httpRetryIntervalSeconds: 5
2019-06-24 22:43:14,937 DEBUG [main] - oAuthConsumerKey: n7yiFAhBBwint4kTCkaaFVVXL
2019-06-24 22:43:14,938 DEBUG [main] - oAuthConsumerSecret: **************************************************
2019-06-24 22:43:14,938 DEBUG [main] - oAuthAccessToken: 1139344781799239681-0IZw6YhYHPCE7BffDXuk9f2BmMrp1o
2019-06-24 22:43:14,938 DEBUG [main] - oAuthAccessTokenSecret: *********************************************
2019-06-24 22:43:14,938 DEBUG [main] - oAuth2TokenType: null
2019-06-24 22:43:14,938 DEBUG [main] - oAuth2AccessToken: null
2019-06-24 22:43:14,938 DEBUG [main] - oAuth2Scope: null
2019-06-24 22:43:14,938 DEBUG [main] - oAuthRequestTokenURL: https://api.twitter.com/oauth/request_token
2019-06-24 22:43:14,939 DEBUG [main] - oAuthAuthorizationURL: https://api.twitter.com/oauth/authorize
2019-06-24 22:43:14,939 DEBUG [main] - oAuthAccessTokenURL: https://api.twitter.com/oauth/access_token
2019-06-24 22:43:14,939 DEBUG [main] - oAuthAuthenticationURL: https://api.twitter.com/oauth/authenticate
2019-06-24 22:43:14,939 DEBUG [main] - oAuth2TokenURL: https://api.twitter.com/oauth2/token
2019-06-24 22:43:14,939 DEBUG [main] - oAuth2InvalidateTokenURL: https://api.twitter.com/oauth2/invalidate_token
2019-06-24 22:43:14,939 DEBUG [main] - restBaseURL: https://api.twitter.com/1.1/
2019-06-24 22:43:14,939 DEBUG [main] - streamBaseURL: https://stream.twitter.com/1.1/
2019-06-24 22:43:14,939 DEBUG [main] - userStreamBaseURL: https://userstream.twitter.com/1.1/
2019-06-24 22:43:14,940 DEBUG [main] - siteStreamBaseURL: https://sitestream.twitter.com/1.1/
2019-06-24 22:43:14,940 DEBUG [main] - uploadBaseURL: https://upload.twitter.com/1.1/
2019-06-24 22:43:14,940 DEBUG [main] - dispatcherImpl: twitter4j.DispatcherImpl
2019-06-24 22:43:14,940 DEBUG [main] - asyncNumThreads: 1
2019-06-24 22:43:14,940 DEBUG [main] - loggerFactory: null
2019-06-24 22:43:14,940 DEBUG [main] - contributingTo: -1
2019-06-24 22:43:14,940 DEBUG [main] - includeMyRetweetEnabled: true
2019-06-24 22:43:14,940 DEBUG [main] - includeEntitiesEnabled: true
2019-06-24 22:43:14,941 DEBUG [main] - trimUserEnabled: false
2019-06-24 22:43:14,941 DEBUG [main] - includeExtAltTextEnabled: true
2019-06-24 22:43:14,941 DEBUG [main] - tweetModeExtended: false
2019-06-24 22:43:14,941 DEBUG [main] - includeEmailEnabled: false
2019-06-24 22:43:14,941 DEBUG [main] - jsonStoreEnabled: false
2019-06-24 22:43:14,941 DEBUG [main] - mbeanEnabled: false
2019-06-24 22:43:14,941 DEBUG [main] - userStreamRepliesAllEnabled: false
2019-06-24 22:43:14,941 DEBUG [main] - userStreamWithFollowingsEnabled: true
2019-06-24 22:43:14,941 DEBUG [main] - stallWarningsEnabled: true
2019-06-24 22:43:14,941 DEBUG [main] - applicationOnlyAuthEnabled: false
2019-06-24 22:43:14,942 DEBUG [main] - mediaProvider: TWITTER
2019-06-24 22:43:14,942 DEBUG [main] - mediaProviderAPIKey: null
2019-06-24 22:43:14,942 DEBUG [main] - mediaProviderParameters: null
2019-06-24 22:43:14,942 DEBUG [main] - daemonEnabled: true
2019-06-24 22:43:14,942 DEBUG [main] - streamThreadName: 
2019-06-24 22:43:14,942 DEBUG [main] - instances: [ConfigurationBase{debug=true, user='null', password='null', httpConf=MyHttpClientConfiguration{httpProxyHost='null', httpProxyUser='null', httpProxyPassword='null', httpProxyPort=-1, httpConnectionTimeout=20000, httpReadTimeout=120000, prettyDebug=false, gzipEnabled=true}, httpStreamingReadTimeout=40000, httpRetryCount=0, httpRetryIntervalSeconds=5, oAuthConsumerKey='n7yiFAhBBwint4kTCkaaFVVXL', oAuthConsumerSecret='gwNMlrNprNn6UuU5MRXUqjVoIO7b3jrEaFrOHGP9TvVPD9x9Td', oAuthAccessToken='1139344781799239681-0IZw6YhYHPCE7BffDXuk9f2BmMrp1o', oAuthAccessTokenSecret='uAzGmquXs3riDptIvPtReF39iuFkoLmIXm1GNvLThVEdo', oAuth2TokenType='null', oAuth2AccessToken='null', oAuth2Scope='null', oAuthRequestTokenURL='https://api.twitter.com/oauth/request_token', oAuthAuthorizationURL='https://api.twitter.com/oauth/authorize', oAuthAccessTokenURL='https://api.twitter.com/oauth/access_token', oAuthAuthenticationURL='https://api.twitter.com/oauth/authenticate', oAuth2TokenURL='https://api.twitter.com/oauth2/token', oAuth2InvalidateTokenURL='https://api.twitter.com/oauth2/invalidate_token', restBaseURL='https://api.twitter.com/1.1/', streamBaseURL='https://stream.twitter.com/1.1/', userStreamBaseURL='https://userstream.twitter.com/1.1/', siteStreamBaseURL='https://sitestream.twitter.com/1.1/', uploadBaseURL='https://upload.twitter.com/1.1/', dispatcherImpl='twitter4j.DispatcherImpl', asyncNumThreads=1, loggerFactory='null', contributingTo=-1, includeMyRetweetEnabled=true, includeEntitiesEnabled=true, trimUserEnabled=false, includeExtAltTextEnabled=true, tweetModeExtended=false, includeEmailEnabled=false, jsonStoreEnabled=false, mbeanEnabled=false, userStreamRepliesAllEnabled=false, userStreamWithFollowingsEnabled=true, stallWarningsEnabled=true, applicationOnlyAuthEnabled=false, mediaProvider='TWITTER', mediaProviderAPIKey='null', mediaProviderParameters=null, daemonEnabled=true, streamThreadName=''}]
2019-06-24 22:43:14,978  INFO [Twitter Stream consumer /  [1][initializing]] - Establishing connection.
2019-06-24 22:43:14,978 DEBUG [Twitter Stream consumer /  [1][Establishing connection]] - Twitter Stream consumer /  [1][Establishing connection]
2019-06-24 22:43:15,228 DEBUG [Twitter Stream consumer /  [1][Establishing connection]] - Request: 
2019-06-24 22:43:15,228 DEBUG [Twitter Stream consumer /  [1][Establishing connection]] - POST https://stream.twitter.com/1.1/statuses/filter.json
2019-06-24 22:43:15,229 DEBUG [Twitter Stream consumer /  [1][Establishing connection]] - OAuth base string: POST&https%3A%2F%2Fstream.twitter.com%2F1.1%2Fstatuses%2Ffilter.json&count%3D0%26follow%3D5695632%252C1582853809%252C1075486339%26oauth_consumer_key%3Dn7yiFAhBBwint4kTCkaaFVVXL%26oauth_nonce%3D1093776921%26oauth_signature_method%3DHMAC-SHA1%26oauth_timestamp%3D1561434195%26oauth_token%3D1139344781799239681-0IZw6YhYHPCE7BffDXuk9f2BmMrp1o%26oauth_version%3D1.0%26stall_warnings%3Dtrue
2019-06-24 22:43:15,277 DEBUG [Twitter Stream consumer /  [1][Establishing connection]] - OAuth signature: y/nlTvFJESMaplvhJrdurOLceog=
2019-06-24 22:43:15,278 DEBUG [Twitter Stream consumer /  [1][Establishing connection]] - Authorization: *************************************************************************************************************************************************************************************************************************************************************************************
2019-06-24 22:43:15,278 DEBUG [Twitter Stream consumer /  [1][Establishing connection]] - X-Twitter-Client-Version: 4.0.6
2019-06-24 22:43:15,278 DEBUG [Twitter Stream consumer /  [1][Establishing connection]] - X-Twitter-Client-URL: http://twitter4j.org/en/twitter4j-4.0.6.xml
2019-06-24 22:43:15,279 DEBUG [Twitter Stream consumer /  [1][Establishing connection]] - X-Twitter-Client: Twitter4J
2019-06-24 22:43:15,279 DEBUG [Twitter Stream consumer /  [1][Establishing connection]] - User-Agent: twitter4j http://twitter4j.org/ /4.0.6
2019-06-24 22:43:15,279 DEBUG [Twitter Stream consumer /  [1][Establishing connection]] - Connection: close
2019-06-24 22:43:15,279 DEBUG [Twitter Stream consumer /  [1][Establishing connection]] - Accept-Encoding: gzip
2019-06-24 22:43:15,279 DEBUG [Twitter Stream consumer /  [1][Establishing connection]] - Post Params: count=0&follow=5695632%2C1582853809%2C1075486339&stall_warnings=true
2019-06-24 22:43:36,668 DEBUG [Twitter Stream consumer /  [1][Establishing connection]] - Response: 
2019-06-24 22:43:36,669 DEBUG [Twitter Stream consumer /  [1][Establishing connection]] - date: Tue, 25 Jun 2019 03:43:15 GMT
2019-06-24 22:43:36,669 DEBUG [Twitter Stream consumer /  [1][Establishing connection]] - HTTP/1.1 200 OK
2019-06-24 22:43:36,670 DEBUG [Twitter Stream consumer /  [1][Establishing connection]] - set-cookie: guest_id=v1%3A156143419560784602; Max-Age=63072000; Expires=Thu, 24 Jun 2021 03:43:15 GMT; Path=/; Domain=.twitter.com
2019-06-24 22:43:36,670 DEBUG [Twitter Stream consumer /  [1][Establishing connection]] - set-cookie: personalization_id="v1_nPKANxsXQldUJsUzZnG4Ew=="; Max-Age=63072000; Expires=Thu, 24 Jun 2021 03:43:15 GMT; Path=/; Domain=.twitter.com
2019-06-24 22:43:36,670 DEBUG [Twitter Stream consumer /  [1][Establishing connection]] - server: tsa_a
2019-06-24 22:43:36,670 DEBUG [Twitter Stream consumer /  [1][Establishing connection]] - x-tsa-request-body-time: 0
2019-06-24 22:43:36,670 DEBUG [Twitter Stream consumer /  [1][Establishing connection]] - x-response-time: 24
2019-06-24 22:43:36,670 DEBUG [Twitter Stream consumer /  [1][Establishing connection]] - transfer-encoding: chunked
2019-06-24 22:43:36,670 DEBUG [Twitter Stream consumer /  [1][Establishing connection]] - x-connection-hash: b86b54959763cce87189a79539bdf7d9
2019-06-24 22:43:36,670 DEBUG [Twitter Stream consumer /  [1][Establishing connection]] - content-encoding: gzip
2019-06-24 22:43:36,670 DEBUG [Twitter Stream consumer /  [1][Establishing connection]] - content-type: application/json
2019-06-24 22:43:36,670 DEBUG [Twitter Stream consumer /  [1][Establishing connection]] - connection: close
2019-06-24 22:43:36,670 DEBUG [Twitter Stream consumer /  [1][Establishing connection]] - strict-transport-security: max-age=631138519
2019-06-24 22:43:36,671  INFO [Twitter Stream consumer /  [1][Establishing connection]] - Connection established.
2019-06-24 22:43:36,671  INFO [Twitter Stream consumer /  [1][Establishing connection]] - Receiving status stream.
2019-06-24 22:43:36,671 DEBUG [Twitter Stream consumer /  [1][Receiving stream]] - Twitter Stream consumer /  [1][Receiving stream]
2019-06-24 22:44:36,308 DEBUG [Twitter4J Async Dispatcher[0]] - Received:{"extended_entities":{"media":[{"display_url":"pic.twitter.com/MVZ9aYppMK","source_user_id":5695632,"type":"video","media_url":"http://pbs.twimg.com/media/D92ONe0WsAYV6-l.jpg","source_status_id":1143241239854235653,"url":"https://t.co/MVZ9aYppMK","indices":[70,93],"sizes":{"small":{"w":680,"h":680,"resize":"fit"},"large":{"w":1080,"h":1080,"resize":"fit"},"thumb":{"w":150,"h":150,"resize":"crop"},"medium":{"w":1080,"h":1080,"resize":"fit"}},"id_str":"1143226244621881344","expanded_url":"https://twitter.com/BuzzFeed/status/1143241239854235653/video/1","source_status_id_str":"1143241239854235653","media_url_https":"https://pbs.twimg.com/media/D92ONe0WsAYV6-l.jpg","id":1143226244621881344,"source_user_id_str":"5695632","additional_media_info":{"monetizable":true},"video_info":{"aspect_ratio":[1,1],"duration_millis":194778,"variants":[{"content_type":"video/mp4","bitrate":1280000,"url":"https://video.twimg.com/amplify_video/1143226244621881344/vid/720x720/M6UGIaUkKZAAneaz.mp4?tag=13"},{"content_type":"video/mp4","bitrate":832000,"url":"https://video.twimg.com/amplify_video/1143226244621881344/vid/480x480/CSx09Wfo19ddG-vw.mp4?tag=13"},{"content_type":"video/mp4","bitrate":432000,"url":"https://video.twimg.com/amplify_video/1143226244621881344/vid/320x320/wgKa5H-ht9RgT3D1.mp4?tag=13"},{"content_type":"application/x-mpegURL","url":"https://video.twimg.com/amplify_video/1143226244621881344/pl/1RF7eUCnyNx2AApj.m3u8?tag=13"}]}}]},"in_reply_to_status_id_str":null,"in_reply_to_status_id":null,"created_at":"Tue Jun 25 03:44:31 +0000 2019","in_reply_to_user_id_str":null,"source":"<a href=\"http://twitter.com/download/android\" rel=\"nofollow\">Twitter for Android<\/a>","retweeted_status":{"extended_entities":{"media":[{"display_url":"pic.twitter.com/MVZ9aYppMK","indices":[56,79],"sizes":{"small":{"w":680,"h":680,"resize":"fit"},"large":{"w":1080,"h":1080,"resize":"fit"},"thumb":{"w":150,"h":150,"resize":"crop"},"medium":{"w":1080,"h":1080,"resize":"fit"}},"id_str":"1143226244621881344","expanded_url":"https://twitter.com/BuzzFeed/status/1143241239854235653/video/1","media_url_https":"https://pbs.twimg.com/media/D92ONe0WsAYV6-l.jpg","id":1143226244621881344,"additional_media_info":{"monetizable":true},"type":"video","media_url":"http://pbs.twimg.com/media/D92ONe0WsAYV6-l.jpg","url":"https://t.co/MVZ9aYppMK","video_info":{"aspect_ratio":[1,1],"duration_millis":194778,"variants":[{"content_type":"video/mp4","bitrate":1280000,"url":"https://video.twimg.com/amplify_video/1143226244621881344/vid/720x720/M6UGIaUkKZAAneaz.mp4?tag=13"},{"content_type":"video/mp4","bitrate":832000,"url":"https://video.twimg.com/amplify_video/1143226244621881344/vid/480x480/CSx09Wfo19ddG-vw.mp4?tag=13"},{"content_type":"video/mp4","bitrate":432000,"url":"https://video.twimg.com/amplify_video/1143226244621881344/vid/320x320/wgKa5H-ht9RgT3D1.mp4?tag=13"},{"content_type":"application/x-mpegURL","url":"https://video.twimg.com/amplify_video/1143226244621881344/pl/1RF7eUCnyNx2AApj.m3u8?tag=13"}]}}]},"in_reply_to_status_id_str":null,"in_reply_to_status_id":null,"created_at":"Mon Jun 24 19:35:26 +0000 2019","in_reply_to_user_id_str":null,"source":"<a href=\"https://pubhub.buzzfeed.com\" rel=\"nofollow\">BF PubHub<\/a>","retweet_count":220,"retweeted":false,"geo":null,"filter_level":"low","in_reply_to_screen_name":null,"is_quote_status":false,"id_str":"1143241239854235653","in_reply_to_user_id":null,"favorite_count":1055,"id":1143241239854235653,"text":"This wolf sanctuary is saving lives one wolf at a time. https://t.co/MVZ9aYppMK","place":null,"lang":"en","quote_count":25,"favorited":false,"possibly_sensitive":false,"coordinates":null,"truncated":false,"reply_count":9,"entities":{"urls":[],"hashtags":[],"media":[{"display_url":"pic.twitter.com/MVZ9aYppMK","indices":[56,79],"sizes":{"small":{"w":680,"h":680,"resize":"fit"},"large":{"w":1080,"h":1080,"resize":"fit"},"thumb":{"w":150,"h":150,"resize":"crop"},"medium":{"w":1080,"h":1080,"resize":"fit"}},"id_str":"1143226244621881344","expanded_url":"https://twitter.com/BuzzFeed/status/1143241239854235653/video/1","media_url_https":"https://pbs.twimg.com/media/D92ONe0WsAYV6-l.jpg","id":1143226244621881344,"additional_media_info":{"monetizable":true},"type":"photo","media_url":"http://pbs.twimg.com/media/D92ONe0WsAYV6-l.jpg","url":"https://t.co/MVZ9aYppMK"}],"user_mentions":[],"symbols":[]},"display_text_range":[0,55],"contributors":null,"user":{"utc_offset":null,"friends_count":2892,"profile_image_url_https":"https://pbs.twimg.com/profile_images/687767655214891008/n9pHVYUl_normal.png","listed_count":23878,"profile_background_image_url":"http://abs.twimg.com/images/themes/theme1/bg.png","default_profile_image":false,"favourites_count":4753,"description":"Get more BuzzFeed directly to you! Sign up now for our newsletters ⬇️🗞","created_at":"Tue May 01 21:40:03 +0000 2007","is_translator":false,"profile_background_image_url_https":"https://abs.twimg.com/images/themes/theme1/bg.png","protected":false,"screen_name":"BuzzFeed","id_str":"5695632","profile_link_color":"0077CC","translator_type":"regular","id":5695632,"geo_enabled":true,"profile_background_color":"FFFFFF","lang":null,"profile_sidebar_border_color":"FFFFFF","profile_text_color":"000000","verified":true,"profile_image_url":"http://pbs.twimg.com/profile_images/687767655214891008/n9pHVYUl_normal.png","time_zone":null,"url":"https://bzfd.it/BFNewsletters","contributors_enabled":false,"profile_background_tile":true,"profile_banner_url":"https://pbs.twimg.com/profile_banners/5695632/1520351759","statuses_count":228391,"follow_request_sent":null,"followers_count":6549877,"profile_use_background_image":true,"default_profile":false,"following":null,"name":"BuzzFeed","location":"New York","profile_sidebar_fill_color":"EEEEEE","notifications":null}},"retweet_count":0,"retweeted":false,"geo":null,"filter_level":"low","in_reply_to_screen_name":null,"is_quote_status":false,"id_str":"1143364319792418816","in_reply_to_user_id":null,"favorite_count":0,"id":1143364319792418816,"text":"RT @BuzzFeed: This wolf sanctuary is saving lives one wolf at a time. https://t.co/MVZ9aYppMK","place":null,"lang":"en","quote_count":0,"favorited":false,"possibly_sensitive":false,"coordinates":null,"truncated":false,"timestamp_ms":"1561434271177","reply_count":0,"entities":{"urls":[],"hashtags":[],"media":[{"display_url":"pic.twitter.com/MVZ9aYppMK","source_user_id":5695632,"type":"photo","media_url":"http://pbs.twimg.com/media/D92ONe0WsAYV6-l.jpg","source_status_id":1143241239854235653,"url":"https://t.co/MVZ9aYppMK","indices":[70,93],"sizes":{"small":{"w":680,"h":680,"resize":"fit"},"large":{"w":1080,"h":1080,"resize":"fit"},"thumb":{"w":150,"h":150,"resize":"crop"},"medium":{"w":1080,"h":1080,"resize":"fit"}},"id_str":"1143226244621881344","expanded_url":"https://twitter.com/BuzzFeed/status/1143241239854235653/video/1","source_status_id_str":"1143241239854235653","media_url_https":"https://pbs.twimg.com/media/D92ONe0WsAYV6-l.jpg","id":1143226244621881344,"source_user_id_str":"5695632","additional_media_info":{"monetizable":true}}],"user_mentions":[{"indices":[3,12],"screen_name":"BuzzFeed","id_str":"5695632","name":"BuzzFeed","id":5695632}],"symbols":[]},"contributors":null,"user":{"utc_offset":null,"friends_count":316,"profile_image_url_https":"https://pbs.twimg.com/profile_images/1111274239372345344/Ly6gRUPI_normal.jpg","listed_count":1,"profile_background_image_url":"http://abs.twimg.com/images/themes/theme11/bg.gif","default_profile_image":false,"favourites_count":223,"description":"Just being me","created_at":"Sun Jan 30 12:36:27 +0000 2011","is_translator":false,"profile_background_image_url_https":"https://abs.twimg.com/images/themes/theme11/bg.gif","protected":false,"screen_name":"noniayuu","id_str":"244915097","profile_link_color":"B40B43","translator_type":"none","id":244915097,"geo_enabled":true,"profile_background_color":"FF6699","lang":null,"profile_sidebar_border_color":"FFFFFF","profile_text_color":"362720","verified":false,"profile_image_url":"http://pbs.twimg.com/profile_images/1111274239372345344/Ly6gRUPI_normal.jpg","time_zone":null,"url":null,"contributors_enabled":false,"profile_background_tile":true,"profile_banner_url":"https://pbs.twimg.com/profile_banners/244915097/1443527709","statuses_count":20329,"follow_request_sent":null,"followers_count":186,"profile_use_background_image":true,"default_profile":false,"following":null,"name":"nonik ayu","location":"soc","profile_sidebar_fill_color":"E5507E","notifications":null}}
2019-06-24 22:44:36,329 DEBUG [Twitter4J Async Dispatcher[0]] - Request: 
2019-06-24 22:44:36,329 DEBUG [Twitter4J Async Dispatcher[0]] - POST https://api.twitter.com/1.1/friendships/create.json?user_id=244915097
2019-06-24 22:44:36,329 DEBUG [Twitter4J Async Dispatcher[0]] - OAuth base string: POST&https%3A%2F%2Fapi.twitter.com%2F1.1%2Ffriendships%2Fcreate.json&include_entities%3Dtrue%26include_ext_alt_text%3Dtrue%26oauth_consumer_key%3Dn7yiFAhBBwint4kTCkaaFVVXL%26oauth_nonce%3D177557836%26oauth_signature_method%3DHMAC-SHA1%26oauth_timestamp%3D1561434276%26oauth_token%3D1139344781799239681-0IZw6YhYHPCE7BffDXuk9f2BmMrp1o%26oauth_version%3D1.0%26user_id%3D244915097
2019-06-24 22:44:36,330 DEBUG [Twitter4J Async Dispatcher[0]] - OAuth signature: tQEZDFG+Stbmo7ZJHUcyNET5QPQ=
2019-06-24 22:44:36,330 DEBUG [Twitter4J Async Dispatcher[0]] - Authorization: ************************************************************************************************************************************************************************************************************************************************************************************
2019-06-24 22:44:36,331 DEBUG [Twitter4J Async Dispatcher[0]] - X-Twitter-Client-Version: 4.0.6
2019-06-24 22:44:36,331 DEBUG [Twitter4J Async Dispatcher[0]] - X-Twitter-Client-URL: http://twitter4j.org/en/twitter4j-4.0.6.xml
2019-06-24 22:44:36,331 DEBUG [Twitter4J Async Dispatcher[0]] - X-Twitter-Client: Twitter4J
2019-06-24 22:44:36,331 DEBUG [Twitter4J Async Dispatcher[0]] - User-Agent: twitter4j http://twitter4j.org/ /4.0.6
2019-06-24 22:44:36,331 DEBUG [Twitter4J Async Dispatcher[0]] - Accept-Encoding: gzip
2019-06-24 22:44:36,331 DEBUG [Twitter4J Async Dispatcher[0]] - Post Params: include_entities=true&include_ext_alt_text=true
2019-06-24 22:44:36,764 DEBUG [Twitter4J Async Dispatcher[0]] - Response: 
2019-06-24 22:44:36,764 DEBUG [Twitter4J Async Dispatcher[0]] - date: Tue, 25 Jun 2019 03:44:36 GMT
2019-06-24 22:44:36,764 DEBUG [Twitter4J Async Dispatcher[0]] - HTTP/1.1 200 OK
2019-06-24 22:44:36,764 DEBUG [Twitter4J Async Dispatcher[0]] - server: tsa_b
2019-06-24 22:44:36,764 DEBUG [Twitter4J Async Dispatcher[0]] - content-length: 1597
2019-06-24 22:44:36,764 DEBUG [Twitter4J Async Dispatcher[0]] - x-tsa-request-body-time: 0
2019-06-24 22:44:36,764 DEBUG [Twitter4J Async Dispatcher[0]] - expires: Tue, 31 Mar 1981 05:00:00 GMT
2019-06-24 22:44:36,765 DEBUG [Twitter4J Async Dispatcher[0]] - x-response-time: 154
2019-06-24 22:44:36,765 DEBUG [Twitter4J Async Dispatcher[0]] - x-frame-options: SAMEORIGIN
2019-06-24 22:44:36,765 DEBUG [Twitter4J Async Dispatcher[0]] - content-encoding: gzip
2019-06-24 22:44:36,765 DEBUG [Twitter4J Async Dispatcher[0]] - x-transaction: 00290064007a3c79
2019-06-24 22:44:36,765 DEBUG [Twitter4J Async Dispatcher[0]] - strict-transport-security: max-age=631138519
2019-06-24 22:44:36,765 DEBUG [Twitter4J Async Dispatcher[0]] - pragma: no-cache
2019-06-24 22:44:36,765 DEBUG [Twitter4J Async Dispatcher[0]] - set-cookie: guest_id=v1%3A156143427650110240; Max-Age=63072000; Expires=Thu, 24 Jun 2021 03:44:36 GMT; Path=/; Domain=.twitter.com
2019-06-24 22:44:36,765 DEBUG [Twitter4J Async Dispatcher[0]] - set-cookie: lang=en; Path=/
2019-06-24 22:44:36,765 DEBUG [Twitter4J Async Dispatcher[0]] - set-cookie: personalization_id="v1_dYsBAiZpr53B3EcoHoo8aw=="; Max-Age=63072000; Expires=Thu, 24 Jun 2021 03:44:36 GMT; Path=/; Domain=.twitter.com
2019-06-24 22:44:36,765 DEBUG [Twitter4J Async Dispatcher[0]] - last-modified: Tue, 25 Jun 2019 03:44:36 GMT
2019-06-24 22:44:36,765 DEBUG [Twitter4J Async Dispatcher[0]] - x-xss-protection: 1; mode=block; report=https://twitter.com/i/xss_report
2019-06-24 22:44:36,765 DEBUG [Twitter4J Async Dispatcher[0]] - x-content-type-options: nosniff
2019-06-24 22:44:36,765 DEBUG [Twitter4J Async Dispatcher[0]] - content-disposition: attachment; filename=json.json
2019-06-24 22:44:36,765 DEBUG [Twitter4J Async Dispatcher[0]] - x-connection-hash: 4d89800bf23d9ff9304b86de5e6daa82
2019-06-24 22:44:36,765 DEBUG [Twitter4J Async Dispatcher[0]] - x-access-level: read-write
2019-06-24 22:44:36,766 DEBUG [Twitter4J Async Dispatcher[0]] - x-twitter-response-tags: BouncerCompliant
2019-06-24 22:44:36,766 DEBUG [Twitter4J Async Dispatcher[0]] - content-type: application/json;charset=utf-8
2019-06-24 22:44:36,766 DEBUG [Twitter4J Async Dispatcher[0]] - cache-control: no-cache, no-store, must-revalidate, pre-check=0, post-check=0
2019-06-24 22:44:36,766 DEBUG [Twitter4J Async Dispatcher[0]] - status: 200 OK
2019-06-24 22:44:36,772 DEBUG [Twitter4J Async Dispatcher[0]] - {"utc_offset":null,"friends_count":316,"profile_image_url_https":"https://pbs.twimg.com/profile_images/1111274239372345344/Ly6gRUPI_normal.jpg","listed_count":1,"profile_background_image_url":"http://abs.twimg.com/images/themes/theme11/bg.gif","default_profile_image":false,"favourites_count":223,"description":"Just being me","created_at":"Sun Jan 30 12:36:27 +0000 2011","is_translator":false,"profile_background_image_url_https":"https://abs.twimg.com/images/themes/theme11/bg.gif","protected":false,"screen_name":"noniayuu","id_str":"244915097","profile_link_color":"B40B43","is_translation_enabled":false,"translator_type":"none","id":244915097,"geo_enabled":true,"profile_background_color":"FF6699","lang":null,"has_extended_profile":false,"profile_image_extensions_alt_text":null,"profile_sidebar_border_color":"FFFFFF","profile_text_color":"362720","verified":false,"profile_image_url":"http://pbs.twimg.com/profile_images/1111274239372345344/Ly6gRUPI_normal.jpg","time_zone":null,"url":null,"contributors_enabled":false,"profile_background_tile":true,"profile_banner_url":"https://pbs.twimg.com/profile_banners/244915097/1443527709","muting":false,"entities":{"description":{"urls":[]}},"statuses_count":20329,"follow_request_sent":false,"followers_count":187,"profile_use_background_image":true,"default_profile":false,"following":false,"name":"nonik ayu","location":"soc","profile_sidebar_fill_color":"E5507E","profile_banner_extensions_alt_text":null,"notifications":false,"status":{"extended_entities":{"media":[{"display_url":"pic.twitter.com/MVZ9aYppMK","source_user_id":5695632,"type":"video","media_url":"http://pbs.twimg.com/media/D92ONe0WsAYV6-l.jpg","source_status_id":1143241239854235653,"ext_alt_text":null,"url":"https://t.co/MVZ9aYppMK","indices":[70,93],"sizes":{"small":{"w":680,"h":680,"resize":"fit"},"large":{"w":1080,"h":1080,"resize":"fit"},"thumb":{"w":150,"h":150,"resize":"crop"},"medium":{"w":1080,"h":1080,"resize":"fit"}},"id_str":"1143226244621881344","expanded_url":"https://twitter.com/BuzzFeed/status/1143241239854235653/video/1","source_status_id_str":"1143241239854235653","media_url_https":"https://pbs.twimg.com/media/D92ONe0WsAYV6-l.jpg","id":1143226244621881344,"source_user_id_str":"5695632","additional_media_info":{"monetizable":true},"video_info":{"aspect_ratio":[1,1],"duration_millis":194778,"variants":[{"content_type":"video/mp4","bitrate":1280000,"url":"https://video.twimg.com/amplify_video/1143226244621881344/vid/720x720/M6UGIaUkKZAAneaz.mp4?tag=13"},{"content_type":"video/mp4","bitrate":832000,"url":"https://video.twimg.com/amplify_video/1143226244621881344/vid/480x480/CSx09Wfo19ddG-vw.mp4?tag=13"},{"content_type":"video/mp4","bitrate":432000,"url":"https://video.twimg.com/amplify_video/1143226244621881344/vid/320x320/wgKa5H-ht9RgT3D1.mp4?tag=13"},{"content_type":"application/x-mpegURL","url":"https://video.twimg.com/amplify_video/1143226244621881344/pl/1RF7eUCnyNx2AApj.m3u8?tag=13"}]}}]},"in_reply_to_status_id_str":null,"in_reply_to_status_id":null,"created_at":"Tue Jun 25 03:44:31 +0000 2019","in_reply_to_user_id_str":null,"source":"<a href=\"http://twitter.com/download/android\" rel=\"nofollow\">Twitter for Android<\/a>","retweeted_status":{"extended_entities":{"media":[{"display_url":"pic.twitter.com/MVZ9aYppMK","type":"video","media_url":"http://pbs.twimg.com/media/D92ONe0WsAYV6-l.jpg","ext_alt_text":null,"url":"https://t.co/MVZ9aYppMK","indices":[56,79],"sizes":{"small":{"w":680,"h":680,"resize":"fit"},"large":{"w":1080,"h":1080,"resize":"fit"},"thumb":{"w":150,"h":150,"resize":"crop"},"medium":{"w":1080,"h":1080,"resize":"fit"}},"id_str":"1143226244621881344","expanded_url":"https://twitter.com/BuzzFeed/status/1143241239854235653/video/1","media_url_https":"https://pbs.twimg.com/media/D92ONe0WsAYV6-l.jpg","id":1143226244621881344,"additional_media_info":{"monetizable":true},"video_info":{"aspect_ratio":[1,1],"duration_millis":194778,"variants":[{"content_type":"video/mp4","bitrate":1280000,"url":"https://video.twimg.com/amplify_video/1143226244621881344/vid/720x720/M6UGIaUkKZAAneaz.mp4?tag=13"},{"content_type":"video/mp4","bitrate":832000,"url":"https://video.twimg.com/amplify_video/1143226244621881344/vid/480x480/CSx09Wfo19ddG-vw.mp4?tag=13"},{"content_type":"video/mp4","bitrate":432000,"url":"https://video.twimg.com/amplify_video/1143226244621881344/vid/320x320/wgKa5H-ht9RgT3D1.mp4?tag=13"},{"content_type":"application/x-mpegURL","url":"https://video.twimg.com/amplify_video/1143226244621881344/pl/1RF7eUCnyNx2AApj.m3u8?tag=13"}]}}]},"in_reply_to_status_id_str":null,"in_reply_to_status_id":null,"possibly_sensitive":false,"coordinates":null,"created_at":"Mon Jun 24 19:35:26 +0000 2019","truncated":false,"in_reply_to_user_id_str":null,"source":"<a href=\"https://pubhub.buzzfeed.com\" rel=\"nofollow\">BF PubHub<\/a>","retweet_count":220,"retweeted":false,"geo":null,"in_reply_to_screen_name":null,"is_quote_status":false,"entities":{"urls":[],"hashtags":[],"media":[{"display_url":"pic.twitter.com/MVZ9aYppMK","indices":[56,79],"sizes":{"small":{"w":680,"h":680,"resize":"fit"},"large":{"w":1080,"h":1080,"resize":"fit"},"thumb":{"w":150,"h":150,"resize":"crop"},"medium":{"w":1080,"h":1080,"resize":"fit"}},"id_str":"1143226244621881344","expanded_url":"https://twitter.com/BuzzFeed/status/1143241239854235653/video/1","media_url_https":"https://pbs.twimg.com/media/D92ONe0WsAYV6-l.jpg","id":1143226244621881344,"type":"photo","media_url":"http://pbs.twimg.com/media/D92ONe0WsAYV6-l.jpg","url":"https://t.co/MVZ9aYppMK"}],"user_mentions":[],"symbols":[]},"id_str":"1143241239854235653","in_reply_to_user_id":null,"favorite_count":1056,"id":1143241239854235653,"text":"This wolf sanctuary is saving lives one wolf at a time. https://t.co/MVZ9aYppMK","place":null,"contributors":null,"lang":"en","favorited":false},"retweet_count":220,"retweeted":false,"geo":null,"in_reply_to_screen_name":null,"is_quote_status":false,"id_str":"1143364319792418816","in_reply_to_user_id":null,"favorite_count":0,"id":1143364319792418816,"text":"RT @BuzzFeed: This wolf sanctuary is saving lives one wolf at a time. https://t.co/MVZ9aYppMK","place":null,"lang":"en","favorited":false,"possibly_sensitive":false,"coordinates":null,"truncated":false,"entities":{"urls":[],"hashtags":[],"media":[{"display_url":"pic.twitter.com/MVZ9aYppMK","source_user_id":5695632,"type":"photo","media_url":"http://pbs.twimg.com/media/D92ONe0WsAYV6-l.jpg","source_status_id":1143241239854235653,"url":"https://t.co/MVZ9aYppMK","indices":[70,93],"sizes":{"small":{"w":680,"h":680,"resize":"fit"},"large":{"w":1080,"h":1080,"resize":"fit"},"thumb":{"w":150,"h":150,"resize":"crop"},"medium":{"w":1080,"h":1080,"resize":"fit"}},"id_str":"1143226244621881344","expanded_url":"https://twitter.com/BuzzFeed/status/1143241239854235653/video/1","source_status_id_str":"1143241239854235653","media_url_https":"https://pbs.twimg.com/media/D92ONe0WsAYV6-l.jpg","id":1143226244621881344,"source_user_id_str":"5695632"}],"user_mentions":[{"indices":[3,12],"screen_name":"BuzzFeed","id_str":"5695632","name":"BuzzFeed","id":5695632}],"symbols":[]},"contributors":null}}
2019-06-24 22:44:36,774  INFO [Twitter4J Async Dispatcher[0]] - Friendship with 244915097 was created.
2019-06-24 22:44:46,407 DEBUG [Twitter4J Async Dispatcher[0]] - Received:{"in_reply_to_status_id_str":null,"in_reply_to_status_id":null,"created_at":"Tue Jun 25 03:44:41 +0000 2019","in_reply_to_user_id_str":null,"source":"<a href=\"http://twitter.com/download/android\" rel=\"nofollow\">Twitter for Android<\/a>","retweeted_status":{"in_reply_to_status_id_str":null,"in_reply_to_status_id":null,"created_at":"Tue Jun 25 03:34:00 +0000 2019","in_reply_to_user_id_str":null,"source":"<a href=\"https://about.twitter.com/products/tweetdeck\" rel=\"nofollow\">TweetDeck<\/a>","retweet_count":1,"retweeted":false,"geo":null,"filter_level":"low","in_reply_to_screen_name":null,"is_quote_status":false,"id_str":"1143361673362722816","in_reply_to_user_id":null,"favorite_count":10,"id":1143361673362722816,"text":"Eat At A Sushi Restaurant And We'll Reveal What Your Friends Hate The Most About You https://t.co/3JWuy69JSn","place":null,"lang":"en","quote_count":3,"favorited":false,"possibly_sensitive":false,"coordinates":null,"truncated":false,"reply_count":3,"entities":{"urls":[{"display_url":"bzfd.it/2LdTgxW","indices":[85,108],"expanded_url":"https://bzfd.it/2LdTgxW","url":"https://t.co/3JWuy69JSn"}],"hashtags":[],"user_mentions":[],"symbols":[]},"contributors":null,"user":{"utc_offset":null,"friends_count":2892,"profile_image_url_https":"https://pbs.twimg.com/profile_images/687767655214891008/n9pHVYUl_normal.png","listed_count":23878,"profile_background_image_url":"http://abs.twimg.com/images/themes/theme1/bg.png","default_profile_image":false,"favourites_count":4753,"description":"Get more BuzzFeed directly to you! Sign up now for our newsletters ⬇️🗞","created_at":"Tue May 01 21:40:03 +0000 2007","is_translator":false,"profile_background_image_url_https":"https://abs.twimg.com/images/themes/theme1/bg.png","protected":false,"screen_name":"BuzzFeed","id_str":"5695632","profile_link_color":"0077CC","translator_type":"regular","id":5695632,"geo_enabled":true,"profile_background_color":"FFFFFF","lang":null,"profile_sidebar_border_color":"FFFFFF","profile_text_color":"000000","verified":true,"profile_image_url":"http://pbs.twimg.com/profile_images/687767655214891008/n9pHVYUl_normal.png","time_zone":null,"url":"https://bzfd.it/BFNewsletters","contributors_enabled":false,"profile_background_tile":true,"profile_banner_url":"https://pbs.twimg.com/profile_banners/5695632/1520351759","statuses_count":228391,"follow_request_sent":null,"followers_count":6549877,"profile_use_background_image":true,"default_profile":false,"following":null,"name":"BuzzFeed","location":"New York","profile_sidebar_fill_color":"EEEEEE","notifications":null}},"retweet_count":0,"retweeted":false,"geo":null,"filter_level":"low","in_reply_to_screen_name":null,"is_quote_status":false,"id_str":"1143364362200948736","in_reply_to_user_id":null,"favorite_count":0,"id":1143364362200948736,"text":"RT @BuzzFeed: Eat At A Sushi Restaurant And We'll Reveal What Your Friends Hate The Most About You https://t.co/3JWuy69JSn","place":null,"lang":"en","quote_count":0,"favorited":false,"possibly_sensitive":false,"coordinates":null,"truncated":false,"timestamp_ms":"1561434281288","reply_count":0,"entities":{"urls":[{"display_url":"bzfd.it/2LdTgxW","indices":[99,122],"expanded_url":"https://bzfd.it/2LdTgxW","url":"https://t.co/3JWuy69JSn"}],"hashtags":[],"user_mentions":[{"indices":[3,12],"screen_name":"BuzzFeed","id_str":"5695632","name":"BuzzFeed","id":5695632}],"symbols":[]},"contributors":null,"user":{"utc_offset":null,"friends_count":2197,"profile_image_url_https":"https://pbs.twimg.com/profile_images/1107258315086544896/cDe9wJ8s_normal.jpg","listed_count":287,"profile_background_image_url":"http://abs.twimg.com/images/themes/theme9/bg.gif","default_profile_image":false,"favourites_count":205165,"description":"👑 Chairman/President of Alphabet Incorporated http://web.facebook.com/gilbertalgordo  💲✡   8 🍀 http://m.facebook.com/story.php?stor\u2026","created_at":"Sat Apr 25 06:35:42 +0000 2009","is_translator":false,"profile_background_image_url_https":"https://abs.twimg.com/images/themes/theme9/bg.gif","protected":false,"screen_name":"stuffandplayx","id_str":"35165557","profile_link_color":"2FC2EF","translator_type":"none","id":35165557,"geo_enabled":true,"profile_background_color":"1A1B1F","lang":null,"profile_sidebar_border_color":"000000","profile_text_color":"666666","verified":false,"profile_image_url":"http://pbs.twimg.com/profile_images/1107258315086544896/cDe9wJ8s_normal.jpg","time_zone":null,"url":"http://stuffandplayx.blogspot.com/","contributors_enabled":false,"profile_background_tile":true,"profile_banner_url":"https://pbs.twimg.com/profile_banners/35165557/1554903466","statuses_count":223910,"follow_request_sent":null,"followers_count":1848,"profile_use_background_image":true,"default_profile":false,"following":null,"name":"gilbertalgordo","location":"https://maps.app.goo.gl/YLrsVh","profile_sidebar_fill_color":"252429","notifications":null}}
2019-06-24 22:44:46,410 DEBUG [Twitter4J Async Dispatcher[0]] - Request: 
2019-06-24 22:44:46,410 DEBUG [Twitter4J Async Dispatcher[0]] - POST https://api.twitter.com/1.1/friendships/create.json?user_id=35165557
2019-06-24 22:44:46,411 DEBUG [Twitter4J Async Dispatcher[0]] - OAuth base string: POST&https%3A%2F%2Fapi.twitter.com%2F1.1%2Ffriendships%2Fcreate.json&include_entities%3Dtrue%26include_ext_alt_text%3Dtrue%26oauth_consumer_key%3Dn7yiFAhBBwint4kTCkaaFVVXL%26oauth_nonce%3D-555574867%26oauth_signature_method%3DHMAC-SHA1%26oauth_timestamp%3D1561434286%26oauth_token%3D1139344781799239681-0IZw6YhYHPCE7BffDXuk9f2BmMrp1o%26oauth_version%3D1.0%26user_id%3D35165557
2019-06-24 22:44:46,413 DEBUG [Twitter4J Async Dispatcher[0]] - OAuth signature: sTBRLkuk+w9sYH0UjI2ObBs8Ro8=
2019-06-24 22:44:46,414 DEBUG [Twitter4J Async Dispatcher[0]] - Authorization: *************************************************************************************************************************************************************************************************************************************************************************************
2019-06-24 22:44:46,414 DEBUG [Twitter4J Async Dispatcher[0]] - X-Twitter-Client-Version: 4.0.6
2019-06-24 22:44:46,414 DEBUG [Twitter4J Async Dispatcher[0]] - X-Twitter-Client-URL: http://twitter4j.org/en/twitter4j-4.0.6.xml
2019-06-24 22:44:46,415 DEBUG [Twitter4J Async Dispatcher[0]] - X-Twitter-Client: Twitter4J
2019-06-24 22:44:46,415 DEBUG [Twitter4J Async Dispatcher[0]] - User-Agent: twitter4j http://twitter4j.org/ /4.0.6
2019-06-24 22:44:46,415 DEBUG [Twitter4J Async Dispatcher[0]] - Accept-Encoding: gzip
2019-06-24 22:44:46,415 DEBUG [Twitter4J Async Dispatcher[0]] - Post Params: include_entities=true&include_ext_alt_text=true
2019-06-24 22:44:46,714 DEBUG [Twitter4J Async Dispatcher[0]] - Response: 
2019-06-24 22:44:46,714 DEBUG [Twitter4J Async Dispatcher[0]] - date: Tue, 25 Jun 2019 03:44:46 GMT
2019-06-24 22:44:46,714 DEBUG [Twitter4J Async Dispatcher[0]] - HTTP/1.1 200 OK
2019-06-24 22:44:46,714 DEBUG [Twitter4J Async Dispatcher[0]] - server: tsa_b
2019-06-24 22:44:46,715 DEBUG [Twitter4J Async Dispatcher[0]] - content-length: 1350
2019-06-24 22:44:46,715 DEBUG [Twitter4J Async Dispatcher[0]] - x-tsa-request-body-time: 1
2019-06-24 22:44:46,715 DEBUG [Twitter4J Async Dispatcher[0]] - expires: Tue, 31 Mar 1981 05:00:00 GMT
2019-06-24 22:44:46,715 DEBUG [Twitter4J Async Dispatcher[0]] - x-response-time: 101
2019-06-24 22:44:46,715 DEBUG [Twitter4J Async Dispatcher[0]] - x-frame-options: SAMEORIGIN
2019-06-24 22:44:46,715 DEBUG [Twitter4J Async Dispatcher[0]] - content-encoding: gzip
2019-06-24 22:44:46,715 DEBUG [Twitter4J Async Dispatcher[0]] - x-transaction: 00d12a4c003cab07
2019-06-24 22:44:46,715 DEBUG [Twitter4J Async Dispatcher[0]] - strict-transport-security: max-age=631138519
2019-06-24 22:44:46,715 DEBUG [Twitter4J Async Dispatcher[0]] - pragma: no-cache
2019-06-24 22:44:46,715 DEBUG [Twitter4J Async Dispatcher[0]] - set-cookie: guest_id=v1%3A156143428658667850; Max-Age=63072000; Expires=Thu, 24 Jun 2021 03:44:46 GMT; Path=/; Domain=.twitter.com
2019-06-24 22:44:46,715 DEBUG [Twitter4J Async Dispatcher[0]] - set-cookie: lang=en; Path=/
2019-06-24 22:44:46,716 DEBUG [Twitter4J Async Dispatcher[0]] - set-cookie: personalization_id="v1_CMsX88oT+JSQM66aCpfygg=="; Max-Age=63072000; Expires=Thu, 24 Jun 2021 03:44:46 GMT; Path=/; Domain=.twitter.com
2019-06-24 22:44:46,716 DEBUG [Twitter4J Async Dispatcher[0]] - last-modified: Tue, 25 Jun 2019 03:44:46 GMT
2019-06-24 22:44:46,716 DEBUG [Twitter4J Async Dispatcher[0]] - x-xss-protection: 1; mode=block; report=https://twitter.com/i/xss_report
2019-06-24 22:44:46,716 DEBUG [Twitter4J Async Dispatcher[0]] - x-content-type-options: nosniff
2019-06-24 22:44:46,716 DEBUG [Twitter4J Async Dispatcher[0]] - content-disposition: attachment; filename=json.json
2019-06-24 22:44:46,716 DEBUG [Twitter4J Async Dispatcher[0]] - x-connection-hash: 92e78d03d5d475003337e0a941994cc6
2019-06-24 22:44:46,716 DEBUG [Twitter4J Async Dispatcher[0]] - x-access-level: read-write
2019-06-24 22:44:46,716 DEBUG [Twitter4J Async Dispatcher[0]] - x-twitter-response-tags: BouncerCompliant
2019-06-24 22:44:46,716 DEBUG [Twitter4J Async Dispatcher[0]] - content-type: application/json;charset=utf-8
2019-06-24 22:44:46,716 DEBUG [Twitter4J Async Dispatcher[0]] - cache-control: no-cache, no-store, must-revalidate, pre-check=0, post-check=0
2019-06-24 22:44:46,717 DEBUG [Twitter4J Async Dispatcher[0]] - status: 200 OK
2019-06-24 22:44:46,718 DEBUG [Twitter4J Async Dispatcher[0]] - {"utc_offset":null,"friends_count":2197,"profile_image_url_https":"https://pbs.twimg.com/profile_images/1107258315086544896/cDe9wJ8s_normal.jpg","listed_count":287,"profile_background_image_url":"http://abs.twimg.com/images/themes/theme9/bg.gif","default_profile_image":false,"favourites_count":205165,"description":"👑 Chairman/President of Alphabet Incorporated https://t.co/kP7qvdQco3  💲✡   8 🍀 https://t.co/RRqkTATc1f\u2026","created_at":"Sat Apr 25 06:35:42 +0000 2009","is_translator":false,"profile_background_image_url_https":"https://abs.twimg.com/images/themes/theme9/bg.gif","protected":false,"screen_name":"stuffandplayx","id_str":"35165557","profile_link_color":"2FC2EF","is_translation_enabled":false,"translator_type":"none","id":35165557,"geo_enabled":true,"profile_background_color":"1A1B1F","lang":null,"has_extended_profile":true,"profile_image_extensions_alt_text":null,"profile_sidebar_border_color":"000000","profile_text_color":"666666","verified":false,"profile_image_url":"http://pbs.twimg.com/profile_images/1107258315086544896/cDe9wJ8s_normal.jpg","time_zone":null,"url":"https://t.co/7j0ExB0WFF","contributors_enabled":false,"profile_background_tile":true,"profile_banner_url":"https://pbs.twimg.com/profile_banners/35165557/1554903466","muting":false,"entities":{"description":{"urls":[{"display_url":"web.facebook.com/gilbertalgordo","indices":[46,69],"expanded_url":"http://web.facebook.com/gilbertalgordo","url":"https://t.co/kP7qvdQco3"},{"display_url":"m.facebook.com/story.php?stor","indices":[80,103],"expanded_url":"http://m.facebook.com/story.php?stor","url":"https://t.co/RRqkTATc1f"}]},"url":{"urls":[{"display_url":"stuffandplayx.blogspot.com","indices":[0,23],"expanded_url":"http://stuffandplayx.blogspot.com/","url":"https://t.co/7j0ExB0WFF"}]}},"statuses_count":223910,"follow_request_sent":false,"followers_count":1848,"profile_use_background_image":true,"default_profile":false,"following":true,"name":"gilbertalgordo","location":"https://maps.app.goo.gl/YLrsVh","profile_sidebar_fill_color":"252429","profile_banner_extensions_alt_text":null,"notifications":false,"status":{"in_reply_to_status_id_str":null,"in_reply_to_status_id":null,"possibly_sensitive":false,"coordinates":null,"created_at":"Tue Jun 25 03:44:41 +0000 2019","truncated":false,"in_reply_to_user_id_str":null,"source":"<a href=\"http://twitter.com/download/android\" rel=\"nofollow\">Twitter for Android<\/a>","retweeted_status":{"in_reply_to_status_id_str":null,"in_reply_to_status_id":null,"possibly_sensitive":false,"coordinates":null,"created_at":"Tue Jun 25 03:34:00 +0000 2019","truncated":false,"in_reply_to_user_id_str":null,"source":"<a href=\"https://about.twitter.com/products/tweetdeck\" rel=\"nofollow\">TweetDeck<\/a>","retweet_count":1,"retweeted":false,"geo":null,"in_reply_to_screen_name":null,"is_quote_status":false,"entities":{"urls":[{"display_url":"bzfd.it/2LdTgxW","indices":[85,108],"expanded_url":"https://bzfd.it/2LdTgxW","url":"https://t.co/3JWuy69JSn"}],"hashtags":[],"user_mentions":[],"symbols":[]},"id_str":"1143361673362722816","in_reply_to_user_id":null,"favorite_count":10,"id":1143361673362722816,"text":"Eat At A Sushi Restaurant And We'll Reveal What Your Friends Hate The Most About You https://t.co/3JWuy69JSn","place":null,"contributors":null,"lang":"en","favorited":false},"retweet_count":1,"retweeted":false,"geo":null,"in_reply_to_screen_name":null,"is_quote_status":false,"entities":{"urls":[{"display_url":"bzfd.it/2LdTgxW","indices":[99,122],"expanded_url":"https://bzfd.it/2LdTgxW","url":"https://t.co/3JWuy69JSn"}],"hashtags":[],"user_mentions":[{"indices":[3,12],"screen_name":"BuzzFeed","id_str":"5695632","name":"BuzzFeed","id":5695632}],"symbols":[]},"id_str":"1143364362200948736","in_reply_to_user_id":null,"favorite_count":0,"id":1143364362200948736,"text":"RT @BuzzFeed: Eat At A Sushi Restaurant And We'll Reveal What Your Friends Hate The Most About You https://t.co/3JWuy69JSn","place":null,"contributors":null,"lang":"en","favorited":false}}
2019-06-24 22:44:46,720  INFO [Twitter4J Async Dispatcher[0]] - Friendship with 35165557 was created.
2019-06-24 22:46:46,821 DEBUG [Twitter4J Async Dispatcher[0]] - Received:{"in_reply_to_status_id_str":null,"in_reply_to_status_id":null,"created_at":"Tue Jun 25 03:46:41 +0000 2019","in_reply_to_user_id_str":null,"source":"<a href=\"http://twitter.com/download/android\" rel=\"nofollow\">Twitter for Android<\/a>","retweeted_status":{"in_reply_to_status_id_str":null,"in_reply_to_status_id":null,"created_at":"Mon Jun 24 06:00:00 +0000 2019","in_reply_to_user_id_str":null,"source":"<a href=\"https://about.twitter.com/products/tweetdeck\" rel=\"nofollow\">TweetDeck<\/a>","retweet_count":114,"retweeted":false,"geo":null,"filter_level":"low","in_reply_to_screen_name":null,"is_quote_status":false,"id_str":"1143036027805810690","in_reply_to_user_id":null,"favorite_count":264,"id":1143036027805810690,"text":"15 Things People Who Deal With Suicidal Thoughts Want You To Know\nhttps://t.co/pcVM2UnIun","place":null,"lang":"en","quote_count":17,"favorited":false,"possibly_sensitive":false,"coordinates":null,"truncated":false,"reply_count":2,"entities":{"urls":[{"display_url":"bzfd.it/2CDD7yY","indices":[66,89],"expanded_url":"https://bzfd.it/2CDD7yY","url":"https://t.co/pcVM2UnIun"}],"hashtags":[],"user_mentions":[],"symbols":[]},"contributors":null,"user":{"utc_offset":null,"friends_count":2892,"profile_image_url_https":"https://pbs.twimg.com/profile_images/687767655214891008/n9pHVYUl_normal.png","listed_count":23878,"profile_background_image_url":"http://abs.twimg.com/images/themes/theme1/bg.png","default_profile_image":false,"favourites_count":4753,"description":"Get more BuzzFeed directly to you! Sign up now for our newsletters ⬇️🗞","created_at":"Tue May 01 21:40:03 +0000 2007","is_translator":false,"profile_background_image_url_https":"https://abs.twimg.com/images/themes/theme1/bg.png","protected":false,"screen_name":"BuzzFeed","id_str":"5695632","profile_link_color":"0077CC","translator_type":"regular","id":5695632,"geo_enabled":true,"profile_background_color":"FFFFFF","lang":null,"profile_sidebar_border_color":"FFFFFF","profile_text_color":"000000","verified":true,"profile_image_url":"http://pbs.twimg.com/profile_images/687767655214891008/n9pHVYUl_normal.png","time_zone":null,"url":"https://bzfd.it/BFNewsletters","contributors_enabled":false,"profile_background_tile":true,"profile_banner_url":"https://pbs.twimg.com/profile_banners/5695632/1520351759","statuses_count":228391,"follow_request_sent":null,"followers_count":6549879,"profile_use_background_image":true,"default_profile":false,"following":null,"name":"BuzzFeed","location":"New York","profile_sidebar_fill_color":"EEEEEE","notifications":null}},"retweet_count":0,"retweeted":false,"geo":null,"filter_level":"low","in_reply_to_screen_name":null,"is_quote_status":false,"id_str":"1143364867161612289","in_reply_to_user_id":null,"favorite_count":0,"id":1143364867161612289,"text":"RT @BuzzFeed: 15 Things People Who Deal With Suicidal Thoughts Want You To Know\nhttps://t.co/pcVM2UnIun","place":null,"lang":"en","quote_count":0,"favorited":false,"possibly_sensitive":false,"coordinates":null,"truncated":false,"timestamp_ms":"1561434401680","reply_count":0,"entities":{"urls":[{"display_url":"bzfd.it/2CDD7yY","indices":[80,103],"expanded_url":"https://bzfd.it/2CDD7yY","url":"https://t.co/pcVM2UnIun"}],"hashtags":[],"user_mentions":[{"indices":[3,12],"screen_name":"BuzzFeed","id_str":"5695632","name":"BuzzFeed","id":5695632}],"symbols":[]},"contributors":null,"user":{"utc_offset":null,"friends_count":216,"profile_image_url_https":"https://pbs.twimg.com/profile_images/1001819013649969155/DrvG7p_U_normal.jpg","listed_count":2,"profile_background_image_url":"http://abs.twimg.com/images/themes/theme10/bg.gif","default_profile_image":false,"favourites_count":1205,"description":".","created_at":"Sun Jul 05 19:21:31 +0000 2009","is_translator":false,"profile_background_image_url_https":"https://abs.twimg.com/images/themes/theme10/bg.gif","protected":false,"screen_name":"Mayefoo","id_str":"53981401","profile_link_color":"9266CC","translator_type":"none","id":53981401,"geo_enabled":false,"profile_background_color":"000000","lang":null,"profile_sidebar_border_color":"000000","profile_text_color":"000000","verified":false,"profile_image_url":"http://pbs.twimg.com/profile_images/1001819013649969155/DrvG7p_U_normal.jpg","time_zone":null,"url":null,"contributors_enabled":false,"profile_background_tile":false,"profile_banner_url":"https://pbs.twimg.com/profile_banners/53981401/1519922537","statuses_count":3205,"follow_request_sent":null,"followers_count":91,"profile_use_background_image":false,"default_profile":false,"following":null,"name":"Debbie Downer","location":"Rennes, Fr.","profile_sidebar_fill_color":"000000","notifications":null}}
2019-06-24 22:46:46,823 DEBUG [Twitter4J Async Dispatcher[0]] - Request: 
2019-06-24 22:46:46,823 DEBUG [Twitter4J Async Dispatcher[0]] - POST https://api.twitter.com/1.1/friendships/create.json?user_id=53981401
2019-06-24 22:46:46,823 DEBUG [Twitter4J Async Dispatcher[0]] - OAuth base string: POST&https%3A%2F%2Fapi.twitter.com%2F1.1%2Ffriendships%2Fcreate.json&include_entities%3Dtrue%26include_ext_alt_text%3Dtrue%26oauth_consumer_key%3Dn7yiFAhBBwint4kTCkaaFVVXL%26oauth_nonce%3D2651817768%26oauth_signature_method%3DHMAC-SHA1%26oauth_timestamp%3D1561434406%26oauth_token%3D1139344781799239681-0IZw6YhYHPCE7BffDXuk9f2BmMrp1o%26oauth_version%3D1.0%26user_id%3D53981401
2019-06-24 22:46:46,824 DEBUG [Twitter4J Async Dispatcher[0]] - OAuth signature: jWqVxMstXXDVHHRV7xHkTkMhbbY=
2019-06-24 22:46:46,824 DEBUG [Twitter4J Async Dispatcher[0]] - Authorization: ***********************************************************************************************************************************************************************************************************************************************************************************
2019-06-24 22:46:46,824 DEBUG [Twitter4J Async Dispatcher[0]] - X-Twitter-Client-Version: 4.0.6
2019-06-24 22:46:46,824 DEBUG [Twitter4J Async Dispatcher[0]] - X-Twitter-Client-URL: http://twitter4j.org/en/twitter4j-4.0.6.xml
2019-06-24 22:46:46,824 DEBUG [Twitter4J Async Dispatcher[0]] - X-Twitter-Client: Twitter4J
2019-06-24 22:46:46,824 DEBUG [Twitter4J Async Dispatcher[0]] - User-Agent: twitter4j http://twitter4j.org/ /4.0.6
2019-06-24 22:46:46,824 DEBUG [Twitter4J Async Dispatcher[0]] - Accept-Encoding: gzip
2019-06-24 22:46:46,824 DEBUG [Twitter4J Async Dispatcher[0]] - Post Params: include_entities=true&include_ext_alt_text=true
2019-06-24 22:46:47,139 DEBUG [Twitter4J Async Dispatcher[0]] - Response: 
2019-06-24 22:46:47,139 DEBUG [Twitter4J Async Dispatcher[0]] - date: Tue, 25 Jun 2019 03:46:47 GMT
2019-06-24 22:46:47,139 DEBUG [Twitter4J Async Dispatcher[0]] - HTTP/1.1 200 OK
2019-06-24 22:46:47,139 DEBUG [Twitter4J Async Dispatcher[0]] - server: tsa_b
2019-06-24 22:46:47,139 DEBUG [Twitter4J Async Dispatcher[0]] - content-length: 1112
2019-06-24 22:46:47,139 DEBUG [Twitter4J Async Dispatcher[0]] - x-tsa-request-body-time: 0
2019-06-24 22:46:47,140 DEBUG [Twitter4J Async Dispatcher[0]] - expires: Tue, 31 Mar 1981 05:00:00 GMT
2019-06-24 22:46:47,140 DEBUG [Twitter4J Async Dispatcher[0]] - x-response-time: 112
2019-06-24 22:46:47,140 DEBUG [Twitter4J Async Dispatcher[0]] - x-frame-options: SAMEORIGIN
2019-06-24 22:46:47,140 DEBUG [Twitter4J Async Dispatcher[0]] - content-encoding: gzip
2019-06-24 22:46:47,140 DEBUG [Twitter4J Async Dispatcher[0]] - x-transaction: 008ead790073b9cf
2019-06-24 22:46:47,140 DEBUG [Twitter4J Async Dispatcher[0]] - strict-transport-security: max-age=631138519
2019-06-24 22:46:47,140 DEBUG [Twitter4J Async Dispatcher[0]] - pragma: no-cache
2019-06-24 22:46:47,140 DEBUG [Twitter4J Async Dispatcher[0]] - set-cookie: guest_id=v1%3A156143440700424585; Max-Age=63072000; Expires=Thu, 24 Jun 2021 03:46:47 GMT; Path=/; Domain=.twitter.com
2019-06-24 22:46:47,140 DEBUG [Twitter4J Async Dispatcher[0]] - set-cookie: lang=en; Path=/
2019-06-24 22:46:47,140 DEBUG [Twitter4J Async Dispatcher[0]] - set-cookie: personalization_id="v1_IR1GsToyZx4GZSLh/ehHTw=="; Max-Age=63072000; Expires=Thu, 24 Jun 2021 03:46:47 GMT; Path=/; Domain=.twitter.com
2019-06-24 22:46:47,140 DEBUG [Twitter4J Async Dispatcher[0]] - last-modified: Tue, 25 Jun 2019 03:46:47 GMT
2019-06-24 22:46:47,140 DEBUG [Twitter4J Async Dispatcher[0]] - x-xss-protection: 1; mode=block; report=https://twitter.com/i/xss_report
2019-06-24 22:46:47,140 DEBUG [Twitter4J Async Dispatcher[0]] - x-content-type-options: nosniff
2019-06-24 22:46:47,140 DEBUG [Twitter4J Async Dispatcher[0]] - content-disposition: attachment; filename=json.json
2019-06-24 22:46:47,140 DEBUG [Twitter4J Async Dispatcher[0]] - x-connection-hash: 832f97c93a62e9049cb46e61a8556d3d
2019-06-24 22:46:47,141 DEBUG [Twitter4J Async Dispatcher[0]] - x-access-level: read-write
2019-06-24 22:46:47,141 DEBUG [Twitter4J Async Dispatcher[0]] - x-twitter-response-tags: BouncerCompliant
2019-06-24 22:46:47,141 DEBUG [Twitter4J Async Dispatcher[0]] - content-type: application/json;charset=utf-8
2019-06-24 22:46:47,141 DEBUG [Twitter4J Async Dispatcher[0]] - cache-control: no-cache, no-store, must-revalidate, pre-check=0, post-check=0
2019-06-24 22:46:47,141 DEBUG [Twitter4J Async Dispatcher[0]] - status: 200 OK
2019-06-24 22:46:47,142 DEBUG [Twitter4J Async Dispatcher[0]] - {"utc_offset":null,"friends_count":216,"profile_image_url_https":"https://pbs.twimg.com/profile_images/1001819013649969155/DrvG7p_U_normal.jpg","listed_count":2,"profile_background_image_url":"http://abs.twimg.com/images/themes/theme10/bg.gif","default_profile_image":false,"favourites_count":1205,"description":".","created_at":"Sun Jul 05 19:21:31 +0000 2009","is_translator":false,"profile_background_image_url_https":"https://abs.twimg.com/images/themes/theme10/bg.gif","protected":false,"screen_name":"Mayefoo","id_str":"53981401","profile_link_color":"9266CC","is_translation_enabled":false,"translator_type":"none","id":53981401,"geo_enabled":false,"profile_background_color":"000000","lang":null,"has_extended_profile":false,"profile_image_extensions_alt_text":null,"profile_sidebar_border_color":"000000","profile_text_color":"000000","verified":false,"profile_image_url":"http://pbs.twimg.com/profile_images/1001819013649969155/DrvG7p_U_normal.jpg","time_zone":null,"url":null,"contributors_enabled":false,"profile_background_tile":false,"profile_banner_url":"https://pbs.twimg.com/profile_banners/53981401/1519922537","muting":false,"entities":{"description":{"urls":[]}},"statuses_count":3205,"follow_request_sent":false,"followers_count":92,"profile_use_background_image":false,"default_profile":false,"following":false,"name":"Debbie Downer","location":"Rennes, Fr.","profile_sidebar_fill_color":"000000","profile_banner_extensions_alt_text":null,"notifications":false,"status":{"in_reply_to_status_id_str":null,"in_reply_to_status_id":null,"possibly_sensitive":false,"coordinates":null,"created_at":"Tue Jun 25 03:46:41 +0000 2019","truncated":false,"in_reply_to_user_id_str":null,"source":"<a href=\"http://twitter.com/download/android\" rel=\"nofollow\">Twitter for Android<\/a>","retweeted_status":{"in_reply_to_status_id_str":null,"in_reply_to_status_id":null,"possibly_sensitive":false,"coordinates":null,"created_at":"Mon Jun 24 06:00:00 +0000 2019","truncated":false,"in_reply_to_user_id_str":null,"source":"<a href=\"https://about.twitter.com/products/tweetdeck\" rel=\"nofollow\">TweetDeck<\/a>","retweet_count":114,"retweeted":false,"geo":null,"in_reply_to_screen_name":null,"is_quote_status":false,"entities":{"urls":[{"display_url":"bzfd.it/2CDD7yY","indices":[66,89],"expanded_url":"https://bzfd.it/2CDD7yY","url":"https://t.co/pcVM2UnIun"}],"hashtags":[],"user_mentions":[],"symbols":[]},"id_str":"1143036027805810690","in_reply_to_user_id":null,"favorite_count":264,"id":1143036027805810690,"text":"15 Things People Who Deal With Suicidal Thoughts Want You To Know\nhttps://t.co/pcVM2UnIun","place":null,"contributors":null,"lang":"en","favorited":false},"retweet_count":114,"retweeted":false,"geo":null,"in_reply_to_screen_name":null,"is_quote_status":false,"entities":{"urls":[{"display_url":"bzfd.it/2CDD7yY","indices":[80,103],"expanded_url":"https://bzfd.it/2CDD7yY","url":"https://t.co/pcVM2UnIun"}],"hashtags":[],"user_mentions":[{"indices":[3,12],"screen_name":"BuzzFeed","id_str":"5695632","name":"BuzzFeed","id":5695632}],"symbols":[]},"id_str":"1143364867161612289","in_reply_to_user_id":null,"favorite_count":0,"id":1143364867161612289,"text":"RT @BuzzFeed: 15 Things People Who Deal With Suicidal Thoughts Want You To Know\nhttps://t.co/pcVM2UnIun","place":null,"contributors":null,"lang":"en","favorited":false}}
2019-06-24 22:46:47,144  INFO [Twitter4J Async Dispatcher[0]] - Friendship with 53981401 was created.
2019-06-24 22:47:21,951 DEBUG [Twitter4J Async Dispatcher[0]] - Received:{"in_reply_to_status_id_str":"1143343805636083712","in_reply_to_status_id":1143343805636083712,"created_at":"Tue Jun 25 03:47:16 +0000 2019","in_reply_to_user_id_str":"5695632","source":"<a href=\"https://mobile.twitter.com\" rel=\"nofollow\">Twitter Web App<\/a>","retweet_count":0,"retweeted":false,"geo":null,"filter_level":"low","in_reply_to_screen_name":"BuzzFeed","is_quote_status":false,"id_str":"1143365013937119232","in_reply_to_user_id":5695632,"favorite_count":0,"id":1143365013937119232,"text":"@BuzzFeed Pssst there is #YouTube and that breaks the age barrier ;)","place":null,"lang":"en","quote_count":0,"favorited":false,"coordinates":null,"truncated":false,"timestamp_ms":"1561434436674","reply_count":0,"entities":{"urls":[],"hashtags":[{"indices":[25,33],"text":"YouTube"}],"user_mentions":[{"indices":[0,9],"screen_name":"BuzzFeed","id_str":"5695632","name":"BuzzFeed","id":5695632}],"symbols":[]},"display_text_range":[10,68],"contributors":null,"user":{"utc_offset":null,"friends_count":93,"profile_image_url_https":"https://pbs.twimg.com/profile_images/1118756648191807489/O9AhGCSk_normal.png","listed_count":1,"profile_background_image_url":"http://abs.twimg.com/images/themes/theme1/bg.png","default_profile_image":false,"favourites_count":175,"description":"Doing everything under the Sun with no repentance. Embodied by the soul of a warrior but living a life of a peasant. Chuck the Ego let the Lego be your passion!","created_at":"Wed Mar 07 19:10:12 +0000 2018","is_translator":false,"profile_background_image_url_https":"https://abs.twimg.com/images/themes/theme1/bg.png","protected":false,"screen_name":"DPKNAMBIAR","id_str":"971463039252815872","profile_link_color":"981CEB","translator_type":"none","id":971463039252815872,"geo_enabled":false,"profile_background_color":"000000","lang":null,"profile_sidebar_border_color":"000000","profile_text_color":"000000","verified":false,"profile_image_url":"http://pbs.twimg.com/profile_images/1118756648191807489/O9AhGCSk_normal.png","time_zone":null,"url":"http://serenesky.in/","contributors_enabled":false,"profile_background_tile":false,"profile_banner_url":"https://pbs.twimg.com/profile_banners/971463039252815872/1542682315","statuses_count":1379,"follow_request_sent":null,"followers_count":41,"profile_use_background_image":false,"default_profile":false,"following":null,"name":"Deepak Nambiar","location":"India","profile_sidebar_fill_color":"000000","notifications":null}}
2019-06-24 22:47:37,948 DEBUG [Twitter4J Async Dispatcher[0]] - Received:{"extended_entities":{"media":[{"display_url":"pic.twitter.com/MVZ9aYppMK","source_user_id":5695632,"type":"video","media_url":"http://pbs.twimg.com/media/D92ONe0WsAYV6-l.jpg","source_status_id":1143241239854235653,"url":"https://t.co/MVZ9aYppMK","indices":[70,93],"sizes":{"small":{"w":680,"h":680,"resize":"fit"},"large":{"w":1080,"h":1080,"resize":"fit"},"thumb":{"w":150,"h":150,"resize":"crop"},"medium":{"w":1080,"h":1080,"resize":"fit"}},"id_str":"1143226244621881344","expanded_url":"https://twitter.com/BuzzFeed/status/1143241239854235653/video/1","source_status_id_str":"1143241239854235653","media_url_https":"https://pbs.twimg.com/media/D92ONe0WsAYV6-l.jpg","id":1143226244621881344,"source_user_id_str":"5695632","additional_media_info":{"monetizable":true},"video_info":{"aspect_ratio":[1,1],"duration_millis":194778,"variants":[{"content_type":"video/mp4","bitrate":1280000,"url":"https://video.twimg.com/amplify_video/1143226244621881344/vid/720x720/M6UGIaUkKZAAneaz.mp4?tag=13"},{"content_type":"video/mp4","bitrate":832000,"url":"https://video.twimg.com/amplify_video/1143226244621881344/vid/480x480/CSx09Wfo19ddG-vw.mp4?tag=13"},{"content_type":"video/mp4","bitrate":432000,"url":"https://video.twimg.com/amplify_video/1143226244621881344/vid/320x320/wgKa5H-ht9RgT3D1.mp4?tag=13"},{"content_type":"application/x-mpegURL","url":"https://video.twimg.com/amplify_video/1143226244621881344/pl/1RF7eUCnyNx2AApj.m3u8?tag=13"}]}}]},"in_reply_to_status_id_str":null,"in_reply_to_status_id":null,"created_at":"Tue Jun 25 03:47:32 +0000 2019","in_reply_to_user_id_str":null,"source":"<a href=\"http://twitter.com/download/android\" rel=\"nofollow\">Twitter for Android<\/a>","retweeted_status":{"extended_entities":{"media":[{"display_url":"pic.twitter.com/MVZ9aYppMK","indices":[56,79],"sizes":{"small":{"w":680,"h":680,"resize":"fit"},"large":{"w":1080,"h":1080,"resize":"fit"},"thumb":{"w":150,"h":150,"resize":"crop"},"medium":{"w":1080,"h":1080,"resize":"fit"}},"id_str":"1143226244621881344","expanded_url":"https://twitter.com/BuzzFeed/status/1143241239854235653/video/1","media_url_https":"https://pbs.twimg.com/media/D92ONe0WsAYV6-l.jpg","id":1143226244621881344,"additional_media_info":{"monetizable":true},"type":"video","media_url":"http://pbs.twimg.com/media/D92ONe0WsAYV6-l.jpg","url":"https://t.co/MVZ9aYppMK","video_info":{"aspect_ratio":[1,1],"duration_millis":194778,"variants":[{"content_type":"video/mp4","bitrate":1280000,"url":"https://video.twimg.com/amplify_video/1143226244621881344/vid/720x720/M6UGIaUkKZAAneaz.mp4?tag=13"},{"content_type":"video/mp4","bitrate":832000,"url":"https://video.twimg.com/amplify_video/1143226244621881344/vid/480x480/CSx09Wfo19ddG-vw.mp4?tag=13"},{"content_type":"video/mp4","bitrate":432000,"url":"https://video.twimg.com/amplify_video/1143226244621881344/vid/320x320/wgKa5H-ht9RgT3D1.mp4?tag=13"},{"content_type":"application/x-mpegURL","url":"https://video.twimg.com/amplify_video/1143226244621881344/pl/1RF7eUCnyNx2AApj.m3u8?tag=13"}]}}]},"in_reply_to_status_id_str":null,"in_reply_to_status_id":null,"created_at":"Mon Jun 24 19:35:26 +0000 2019","in_reply_to_user_id_str":null,"source":"<a href=\"https://pubhub.buzzfeed.com\" rel=\"nofollow\">BF PubHub<\/a>","retweet_count":221,"retweeted":false,"geo":null,"filter_level":"low","in_reply_to_screen_name":null,"is_quote_status":false,"id_str":"1143241239854235653","in_reply_to_user_id":null,"favorite_count":1058,"id":1143241239854235653,"text":"This wolf sanctuary is saving lives one wolf at a time. https://t.co/MVZ9aYppMK","place":null,"lang":"en","quote_count":25,"favorited":false,"possibly_sensitive":false,"coordinates":null,"truncated":false,"reply_count":9,"entities":{"urls":[],"hashtags":[],"media":[{"display_url":"pic.twitter.com/MVZ9aYppMK","indices":[56,79],"sizes":{"small":{"w":680,"h":680,"resize":"fit"},"large":{"w":1080,"h":1080,"resize":"fit"},"thumb":{"w":150,"h":150,"resize":"crop"},"medium":{"w":1080,"h":1080,"resize":"fit"}},"id_str":"1143226244621881344","expanded_url":"https://twitter.com/BuzzFeed/status/1143241239854235653/video/1","media_url_https":"https://pbs.twimg.com/media/D92ONe0WsAYV6-l.jpg","id":1143226244621881344,"additional_media_info":{"monetizable":true},"type":"photo","media_url":"http://pbs.twimg.com/media/D92ONe0WsAYV6-l.jpg","url":"https://t.co/MVZ9aYppMK"}],"user_mentions":[],"symbols":[]},"display_text_range":[0,55],"contributors":null,"user":{"utc_offset":null,"friends_count":2892,"profile_image_url_https":"https://pbs.twimg.com/profile_images/687767655214891008/n9pHVYUl_normal.png","listed_count":23878,"profile_background_image_url":"http://abs.twimg.com/images/themes/theme1/bg.png","default_profile_image":false,"favourites_count":4753,"description":"Get more BuzzFeed directly to you! Sign up now for our newsletters ⬇️🗞","created_at":"Tue May 01 21:40:03 +0000 2007","is_translator":false,"profile_background_image_url_https":"https://abs.twimg.com/images/themes/theme1/bg.png","protected":false,"screen_name":"BuzzFeed","id_str":"5695632","profile_link_color":"0077CC","translator_type":"regular","id":5695632,"geo_enabled":true,"profile_background_color":"FFFFFF","lang":null,"profile_sidebar_border_color":"FFFFFF","profile_text_color":"000000","verified":true,"profile_image_url":"http://pbs.twimg.com/profile_images/687767655214891008/n9pHVYUl_normal.png","time_zone":null,"url":"https://bzfd.it/BFNewsletters","contributors_enabled":false,"profile_background_tile":true,"profile_banner_url":"https://pbs.twimg.com/profile_banners/5695632/1520351759","statuses_count":228391,"follow_request_sent":null,"followers_count":6549880,"profile_use_background_image":true,"default_profile":false,"following":null,"name":"BuzzFeed","location":"New York","profile_sidebar_fill_color":"EEEEEE","notifications":null}},"retweet_count":0,"retweeted":false,"geo":null,"filter_level":"low","in_reply_to_screen_name":null,"is_quote_status":false,"id_str":"1143365081679351808","in_reply_to_user_id":null,"favorite_count":0,"id":1143365081679351808,"text":"RT @BuzzFeed: This wolf sanctuary is saving lives one wolf at a time. https://t.co/MVZ9aYppMK","place":null,"lang":"en","quote_count":0,"favorited":false,"possibly_sensitive":false,"coordinates":null,"truncated":false,"timestamp_ms":"1561434452825","reply_count":0,"entities":{"urls":[],"hashtags":[],"media":[{"display_url":"pic.twitter.com/MVZ9aYppMK","source_user_id":5695632,"type":"photo","media_url":"http://pbs.twimg.com/media/D92ONe0WsAYV6-l.jpg","source_status_id":1143241239854235653,"url":"https://t.co/MVZ9aYppMK","indices":[70,93],"sizes":{"small":{"w":680,"h":680,"resize":"fit"},"large":{"w":1080,"h":1080,"resize":"fit"},"thumb":{"w":150,"h":150,"resize":"crop"},"medium":{"w":1080,"h":1080,"resize":"fit"}},"id_str":"1143226244621881344","expanded_url":"https://twitter.com/BuzzFeed/status/1143241239854235653/video/1","source_status_id_str":"1143241239854235653","media_url_https":"https://pbs.twimg.com/media/D92ONe0WsAYV6-l.jpg","id":1143226244621881344,"source_user_id_str":"5695632","additional_media_info":{"monetizable":true}}],"user_mentions":[{"indices":[3,12],"screen_name":"BuzzFeed","id_str":"5695632","name":"BuzzFeed","id":5695632}],"symbols":[]},"contributors":null,"user":{"utc_offset":null,"friends_count":2197,"profile_image_url_https":"https://pbs.twimg.com/profile_images/1107258315086544896/cDe9wJ8s_normal.jpg","listed_count":287,"profile_background_image_url":"http://abs.twimg.com/images/themes/theme9/bg.gif","default_profile_image":false,"favourites_count":205171,"description":"👑 Chairman/President of Alphabet Incorporated http://web.facebook.com/gilbertalgordo  💲✡   8 🍀 http://m.facebook.com/story.php?stor\u2026","created_at":"Sat Apr 25 06:35:42 +0000 2009","is_translator":false,"profile_background_image_url_https":"https://abs.twimg.com/images/themes/theme9/bg.gif","protected":false,"screen_name":"stuffandplayx","id_str":"35165557","profile_link_color":"2FC2EF","translator_type":"none","id":35165557,"geo_enabled":true,"profile_background_color":"1A1B1F","lang":null,"profile_sidebar_border_color":"000000","profile_text_color":"666666","verified":false,"profile_image_url":"http://pbs.twimg.com/profile_images/1107258315086544896/cDe9wJ8s_normal.jpg","time_zone":null,"url":"http://stuffandplayx.blogspot.com/","contributors_enabled":false,"profile_background_tile":true,"profile_banner_url":"https://pbs.twimg.com/profile_banners/35165557/1554903466","statuses_count":223914,"follow_request_sent":null,"followers_count":1848,"profile_use_background_image":true,"default_profile":false,"following":null,"name":"gilbertalgordo","location":"https://maps.app.goo.gl/YLrsVh","profile_sidebar_fill_color":"252429","notifications":null}}
2019-06-24 22:47:37,953 DEBUG [Twitter4J Async Dispatcher[0]] - Request: 
2019-06-24 22:47:37,953 DEBUG [Twitter4J Async Dispatcher[0]] - POST https://api.twitter.com/1.1/friendships/create.json?user_id=35165557
2019-06-24 22:47:37,953 DEBUG [Twitter4J Async Dispatcher[0]] - OAuth base string: POST&https%3A%2F%2Fapi.twitter.com%2F1.1%2Ffriendships%2Fcreate.json&include_entities%3Dtrue%26include_ext_alt_text%3Dtrue%26oauth_consumer_key%3Dn7yiFAhBBwint4kTCkaaFVVXL%26oauth_nonce%3D-294598060%26oauth_signature_method%3DHMAC-SHA1%26oauth_timestamp%3D1561434457%26oauth_token%3D1139344781799239681-0IZw6YhYHPCE7BffDXuk9f2BmMrp1o%26oauth_version%3D1.0%26user_id%3D35165557
2019-06-24 22:47:37,953 DEBUG [Twitter4J Async Dispatcher[0]] - OAuth signature: rgnVILO/cIqf5IICGhyQ84ZIBvA=
2019-06-24 22:47:37,954 DEBUG [Twitter4J Async Dispatcher[0]] - Authorization: *************************************************************************************************************************************************************************************************************************************************************************************
2019-06-24 22:47:37,954 DEBUG [Twitter4J Async Dispatcher[0]] - X-Twitter-Client-Version: 4.0.6
2019-06-24 22:47:37,954 DEBUG [Twitter4J Async Dispatcher[0]] - X-Twitter-Client-URL: http://twitter4j.org/en/twitter4j-4.0.6.xml
2019-06-24 22:47:37,954 DEBUG [Twitter4J Async Dispatcher[0]] - X-Twitter-Client: Twitter4J
2019-06-24 22:47:37,954 DEBUG [Twitter4J Async Dispatcher[0]] - User-Agent: twitter4j http://twitter4j.org/ /4.0.6
2019-06-24 22:47:37,954 DEBUG [Twitter4J Async Dispatcher[0]] - Accept-Encoding: gzip
2019-06-24 22:47:37,954 DEBUG [Twitter4J Async Dispatcher[0]] - Post Params: include_entities=true&include_ext_alt_text=true
2019-06-24 22:47:38,256 DEBUG [Twitter4J Async Dispatcher[0]] - Response: 
2019-06-24 22:47:38,256 DEBUG [Twitter4J Async Dispatcher[0]] - date: Tue, 25 Jun 2019 03:47:38 GMT
2019-06-24 22:47:38,257 DEBUG [Twitter4J Async Dispatcher[0]] - HTTP/1.1 200 OK
2019-06-24 22:47:38,257 DEBUG [Twitter4J Async Dispatcher[0]] - server: tsa_b
2019-06-24 22:47:38,257 DEBUG [Twitter4J Async Dispatcher[0]] - content-length: 1819
2019-06-24 22:47:38,257 DEBUG [Twitter4J Async Dispatcher[0]] - x-tsa-request-body-time: 1
2019-06-24 22:47:38,257 DEBUG [Twitter4J Async Dispatcher[0]] - expires: Tue, 31 Mar 1981 05:00:00 GMT
2019-06-24 22:47:38,257 DEBUG [Twitter4J Async Dispatcher[0]] - x-response-time: 105
2019-06-24 22:47:38,257 DEBUG [Twitter4J Async Dispatcher[0]] - x-frame-options: SAMEORIGIN
2019-06-24 22:47:38,257 DEBUG [Twitter4J Async Dispatcher[0]] - content-encoding: gzip
2019-06-24 22:47:38,257 DEBUG [Twitter4J Async Dispatcher[0]] - x-transaction: 0094e91e005aa0dc
2019-06-24 22:47:38,257 DEBUG [Twitter4J Async Dispatcher[0]] - strict-transport-security: max-age=631138519
2019-06-24 22:47:38,257 DEBUG [Twitter4J Async Dispatcher[0]] - pragma: no-cache
2019-06-24 22:47:38,257 DEBUG [Twitter4J Async Dispatcher[0]] - set-cookie: guest_id=v1%3A156143445812899747; Max-Age=63072000; Expires=Thu, 24 Jun 2021 03:47:38 GMT; Path=/; Domain=.twitter.com
2019-06-24 22:47:38,257 DEBUG [Twitter4J Async Dispatcher[0]] - set-cookie: lang=en; Path=/
2019-06-24 22:47:38,257 DEBUG [Twitter4J Async Dispatcher[0]] - set-cookie: personalization_id="v1_cvHVG/a3UEW8PtRtfFxnsw=="; Max-Age=63072000; Expires=Thu, 24 Jun 2021 03:47:38 GMT; Path=/; Domain=.twitter.com
2019-06-24 22:47:38,257 DEBUG [Twitter4J Async Dispatcher[0]] - last-modified: Tue, 25 Jun 2019 03:47:38 GMT
2019-06-24 22:47:38,257 DEBUG [Twitter4J Async Dispatcher[0]] - x-xss-protection: 1; mode=block; report=https://twitter.com/i/xss_report
2019-06-24 22:47:38,257 DEBUG [Twitter4J Async Dispatcher[0]] - x-content-type-options: nosniff
2019-06-24 22:47:38,257 DEBUG [Twitter4J Async Dispatcher[0]] - content-disposition: attachment; filename=json.json
2019-06-24 22:47:38,258 DEBUG [Twitter4J Async Dispatcher[0]] - x-connection-hash: c4b0955b451bb7c724d2acde1c14729e
2019-06-24 22:47:38,258 DEBUG [Twitter4J Async Dispatcher[0]] - x-access-level: read-write
2019-06-24 22:47:38,258 DEBUG [Twitter4J Async Dispatcher[0]] - x-twitter-response-tags: BouncerCompliant
2019-06-24 22:47:38,258 DEBUG [Twitter4J Async Dispatcher[0]] - content-type: application/json;charset=utf-8
2019-06-24 22:47:38,258 DEBUG [Twitter4J Async Dispatcher[0]] - cache-control: no-cache, no-store, must-revalidate, pre-check=0, post-check=0
2019-06-24 22:47:38,258 DEBUG [Twitter4J Async Dispatcher[0]] - status: 200 OK
2019-06-24 22:47:38,260 DEBUG [Twitter4J Async Dispatcher[0]] - {"utc_offset":null,"friends_count":2197,"profile_image_url_https":"https://pbs.twimg.com/profile_images/1107258315086544896/cDe9wJ8s_normal.jpg","listed_count":287,"profile_background_image_url":"http://abs.twimg.com/images/themes/theme9/bg.gif","default_profile_image":false,"favourites_count":205170,"description":"👑 Chairman/President of Alphabet Incorporated https://t.co/kP7qvdQco3  💲✡   8 🍀 https://t.co/RRqkTATc1f\u2026","created_at":"Sat Apr 25 06:35:42 +0000 2009","is_translator":false,"profile_background_image_url_https":"https://abs.twimg.com/images/themes/theme9/bg.gif","protected":false,"screen_name":"stuffandplayx","id_str":"35165557","profile_link_color":"2FC2EF","is_translation_enabled":false,"translator_type":"none","id":35165557,"geo_enabled":true,"profile_background_color":"1A1B1F","lang":null,"has_extended_profile":true,"profile_image_extensions_alt_text":null,"profile_sidebar_border_color":"000000","profile_text_color":"666666","verified":false,"profile_image_url":"http://pbs.twimg.com/profile_images/1107258315086544896/cDe9wJ8s_normal.jpg","time_zone":null,"url":"https://t.co/7j0ExB0WFF","contributors_enabled":false,"profile_background_tile":true,"profile_banner_url":"https://pbs.twimg.com/profile_banners/35165557/1554903466","muting":false,"entities":{"description":{"urls":[{"display_url":"web.facebook.com/gilbertalgordo","indices":[46,69],"expanded_url":"http://web.facebook.com/gilbertalgordo","url":"https://t.co/kP7qvdQco3"},{"display_url":"m.facebook.com/story.php?stor","indices":[80,103],"expanded_url":"http://m.facebook.com/story.php?stor","url":"https://t.co/RRqkTATc1f"}]},"url":{"urls":[{"display_url":"stuffandplayx.blogspot.com","indices":[0,23],"expanded_url":"http://stuffandplayx.blogspot.com/","url":"https://t.co/7j0ExB0WFF"}]}},"statuses_count":223914,"follow_request_sent":false,"followers_count":1848,"profile_use_background_image":true,"default_profile":false,"following":true,"name":"gilbertalgordo","location":"https://maps.app.goo.gl/YLrsVh","profile_sidebar_fill_color":"252429","profile_banner_extensions_alt_text":null,"notifications":false,"status":{"extended_entities":{"media":[{"display_url":"pic.twitter.com/MVZ9aYppMK","source_user_id":5695632,"type":"video","media_url":"http://pbs.twimg.com/media/D92ONe0WsAYV6-l.jpg","source_status_id":1143241239854235653,"ext_alt_text":null,"url":"https://t.co/MVZ9aYppMK","indices":[70,93],"sizes":{"small":{"w":680,"h":680,"resize":"fit"},"large":{"w":1080,"h":1080,"resize":"fit"},"thumb":{"w":150,"h":150,"resize":"crop"},"medium":{"w":1080,"h":1080,"resize":"fit"}},"id_str":"1143226244621881344","expanded_url":"https://twitter.com/BuzzFeed/status/1143241239854235653/video/1","source_status_id_str":"1143241239854235653","media_url_https":"https://pbs.twimg.com/media/D92ONe0WsAYV6-l.jpg","id":1143226244621881344,"source_user_id_str":"5695632","additional_media_info":{"monetizable":true},"video_info":{"aspect_ratio":[1,1],"duration_millis":194778,"variants":[{"content_type":"video/mp4","bitrate":1280000,"url":"https://video.twimg.com/amplify_video/1143226244621881344/vid/720x720/M6UGIaUkKZAAneaz.mp4?tag=13"},{"content_type":"video/mp4","bitrate":832000,"url":"https://video.twimg.com/amplify_video/1143226244621881344/vid/480x480/CSx09Wfo19ddG-vw.mp4?tag=13"},{"content_type":"video/mp4","bitrate":432000,"url":"https://video.twimg.com/amplify_video/1143226244621881344/vid/320x320/wgKa5H-ht9RgT3D1.mp4?tag=13"},{"content_type":"application/x-mpegURL","url":"https://video.twimg.com/amplify_video/1143226244621881344/pl/1RF7eUCnyNx2AApj.m3u8?tag=13"}]}}]},"in_reply_to_status_id_str":null,"in_reply_to_status_id":null,"created_at":"Tue Jun 25 03:47:32 +0000 2019","in_reply_to_user_id_str":null,"source":"<a href=\"http://twitter.com/download/android\" rel=\"nofollow\">Twitter for Android<\/a>","retweeted_status":{"extended_entities":{"media":[{"display_url":"pic.twitter.com/MVZ9aYppMK","type":"video","media_url":"http://pbs.twimg.com/media/D92ONe0WsAYV6-l.jpg","ext_alt_text":null,"url":"https://t.co/MVZ9aYppMK","indices":[56,79],"sizes":{"small":{"w":680,"h":680,"resize":"fit"},"large":{"w":1080,"h":1080,"resize":"fit"},"thumb":{"w":150,"h":150,"resize":"crop"},"medium":{"w":1080,"h":1080,"resize":"fit"}},"id_str":"1143226244621881344","expanded_url":"https://twitter.com/BuzzFeed/status/1143241239854235653/video/1","media_url_https":"https://pbs.twimg.com/media/D92ONe0WsAYV6-l.jpg","id":1143226244621881344,"additional_media_info":{"monetizable":true},"video_info":{"aspect_ratio":[1,1],"duration_millis":194778,"variants":[{"content_type":"video/mp4","bitrate":1280000,"url":"https://video.twimg.com/amplify_video/1143226244621881344/vid/720x720/M6UGIaUkKZAAneaz.mp4?tag=13"},{"content_type":"video/mp4","bitrate":832000,"url":"https://video.twimg.com/amplify_video/1143226244621881344/vid/480x480/CSx09Wfo19ddG-vw.mp4?tag=13"},{"content_type":"video/mp4","bitrate":432000,"url":"https://video.twimg.com/amplify_video/1143226244621881344/vid/320x320/wgKa5H-ht9RgT3D1.mp4?tag=13"},{"content_type":"application/x-mpegURL","url":"https://video.twimg.com/amplify_video/1143226244621881344/pl/1RF7eUCnyNx2AApj.m3u8?tag=13"}]}}]},"in_reply_to_status_id_str":null,"in_reply_to_status_id":null,"possibly_sensitive":false,"coordinates":null,"created_at":"Mon Jun 24 19:35:26 +0000 2019","truncated":false,"in_reply_to_user_id_str":null,"source":"<a href=\"https://pubhub.buzzfeed.com\" rel=\"nofollow\">BF PubHub<\/a>","retweet_count":221,"retweeted":false,"geo":null,"in_reply_to_screen_name":null,"is_quote_status":false,"entities":{"urls":[],"hashtags":[],"media":[{"display_url":"pic.twitter.com/MVZ9aYppMK","indices":[56,79],"sizes":{"small":{"w":680,"h":680,"resize":"fit"},"large":{"w":1080,"h":1080,"resize":"fit"},"thumb":{"w":150,"h":150,"resize":"crop"},"medium":{"w":1080,"h":1080,"resize":"fit"}},"id_str":"1143226244621881344","expanded_url":"https://twitter.com/BuzzFeed/status/1143241239854235653/video/1","media_url_https":"https://pbs.twimg.com/media/D92ONe0WsAYV6-l.jpg","id":1143226244621881344,"type":"photo","media_url":"http://pbs.twimg.com/media/D92ONe0WsAYV6-l.jpg","url":"https://t.co/MVZ9aYppMK"}],"user_mentions":[],"symbols":[]},"id_str":"1143241239854235653","in_reply_to_user_id":null,"favorite_count":1059,"id":1143241239854235653,"text":"This wolf sanctuary is saving lives one wolf at a time. https://t.co/MVZ9aYppMK","place":null,"contributors":null,"lang":"en","favorited":false},"retweet_count":221,"retweeted":false,"geo":null,"in_reply_to_screen_name":null,"is_quote_status":false,"id_str":"1143365081679351808","in_reply_to_user_id":null,"favorite_count":0,"id":1143365081679351808,"text":"RT @BuzzFeed: This wolf sanctuary is saving lives one wolf at a time. https://t.co/MVZ9aYppMK","place":null,"lang":"en","favorited":false,"possibly_sensitive":false,"coordinates":null,"truncated":false,"entities":{"urls":[],"hashtags":[],"media":[{"display_url":"pic.twitter.com/MVZ9aYppMK","source_user_id":5695632,"type":"photo","media_url":"http://pbs.twimg.com/media/D92ONe0WsAYV6-l.jpg","source_status_id":1143241239854235653,"url":"https://t.co/MVZ9aYppMK","indices":[70,93],"sizes":{"small":{"w":680,"h":680,"resize":"fit"},"large":{"w":1080,"h":1080,"resize":"fit"},"thumb":{"w":150,"h":150,"resize":"crop"},"medium":{"w":1080,"h":1080,"resize":"fit"}},"id_str":"1143226244621881344","expanded_url":"https://twitter.com/BuzzFeed/status/1143241239854235653/video/1","source_status_id_str":"1143241239854235653","media_url_https":"https://pbs.twimg.com/media/D92ONe0WsAYV6-l.jpg","id":1143226244621881344,"source_user_id_str":"5695632"}],"user_mentions":[{"indices":[3,12],"screen_name":"BuzzFeed","id_str":"5695632","name":"BuzzFeed","id":5695632}],"symbols":[]},"contributors":null}}
2019-06-24 22:47:38,262  INFO [Twitter4J Async Dispatcher[0]] - Friendship with 35165557 was created.
